<?xml version="1.0" encoding="UTF-8"?>
<!-- Generated by org.testng.reporters.JUnitXMLReporter -->
<testsuite ignored="0" hostname="LAPTOP-BJUBRTM4" failures="0" tests="5" name="Default test" time="27.05" errors="0" timestamp="2025-02-08T15:01:38 EST">
  <testcase classname="testCases.TC02_Login" name="testLogin" time="3.979"/>
  <testcase classname="testCases.TC02_Login" name="testLogin" time="4.085"/>
  <testcase classname="testCases.TC02_Login" name="testLogin" time="3.673"/>
  <testcase classname="testCases.TC02_Login" name="testLogin" time="3.468"/>
  <testcase classname="testCases.TC02_Login" name="testLogin" time="3.492"/>
</testsuite> <!-- Default test -->
