<?xml version="1.0" encoding="UTF-8"?>
<!-- Generated by org.testng.reporters.JUnitXMLReporter -->
<testsuite ignored="0" hostname="LAPTOP-BJUBRTM4" failures="0" tests="10" name="chromeTest" time="150.93" errors="0" timestamp="2025-02-14T15:07:41 EST">
  <testcase classname="testCases.TC04_AddtoWishlist" name="testWishlist" time="2.695"/>
  <testcase classname="testCases.TC01_LaunchApplication" name="testLaunchApplication" time="0.175"/>
  <testcase classname="testCases.TC06_GiftCertificate" name="testGiftCertificate" time="3.614"/>
  <testcase classname="testCases.TC03_AddtoCart" name="testAddCart" time="4.272"/>
  <testcase classname="testCases.TC05_CompletePurchase" name="testCompletePurchase" time="76.262"/>
  <testcase classname="testCases.TC02_Login" name="testLogin" time="4.096"/>
  <testcase classname="testCases.TC02_Login" name="testLogin" time="4.268"/>
  <testcase classname="testCases.TC02_Login" name="testLogin" time="3.753"/>
  <testcase classname="testCases.TC02_Login" name="testLogin" time="3.951"/>
  <testcase classname="testCases.TC02_Login" name="testLogin" time="4.673"/>
</testsuite> <!-- chromeTest -->
