<?xml version="1.0" encoding="UTF-8"?>
<!-- Generated by org.testng.reporters.JUnitXMLReporter -->
<testsuite ignored="0" hostname="LAPTOP-BJUBRTM4" failures="0" tests="10" name="edgeTest" time="156.698" errors="0" timestamp="2025-02-14T15:07:46 EST">
  <testcase classname="testCases.TC04_AddtoWishlist" name="testWishlist" time="3.551"/>
  <testcase classname="testCases.TC01_LaunchApplication" name="testLaunchApplication" time="0.074"/>
  <testcase classname="testCases.TC06_GiftCertificate" name="testGiftCertificate" time="3.948"/>
  <testcase classname="testCases.TC03_AddtoCart" name="testAddCart" time="5.304"/>
  <testcase classname="testCases.TC05_CompletePurchase" name="testCompletePurchase" time="74.875"/>
  <testcase classname="testCases.TC02_Login" name="testLogin" time="4.743"/>
  <testcase classname="testCases.TC02_Login" name="testLogin" time="4.308"/>
  <testcase classname="testCases.TC02_Login" name="testLogin" time="4.738"/>
  <testcase classname="testCases.TC02_Login" name="testLogin" time="5.434"/>
  <testcase classname="testCases.TC02_Login" name="testLogin" time="3.814"/>
</testsuite> <!-- edgeTest -->
