<?xml version="1.0" encoding="UTF-8"?>
<!-- Generated by org.testng.reporters.JUnitXMLReporter -->
<testsuite ignored="0" hostname="LAPTOP-BJUBRTM4" failures="0" tests="10" name="firefoxTest" time="175.747" errors="0" timestamp="2025-02-14T15:08:04 EST">
  <testcase classname="testCases.TC04_AddtoWishlist" name="testWishlist" time="2.642"/>
  <testcase classname="testCases.TC01_LaunchApplication" name="testLaunchApplication" time="0.084"/>
  <testcase classname="testCases.TC06_GiftCertificate" name="testGiftCertificate" time="3.28"/>
  <testcase classname="testCases.TC03_AddtoCart" name="testAddCart" time="2.912"/>
  <testcase classname="testCases.TC05_CompletePurchase" name="testCompletePurchase" time="73.499"/>
  <testcase classname="testCases.TC02_Login" name="testLogin" time="3.249"/>
  <testcase classname="testCases.TC02_Login" name="testLogin" time="3.692"/>
  <testcase classname="testCases.TC02_Login" name="testLogin" time="3.244"/>
  <testcase classname="testCases.TC02_Login" name="testLogin" time="2.859"/>
  <testcase classname="testCases.TC02_Login" name="testLogin" time="2.872"/>
</testsuite> <!-- firefoxTest -->
