<?xml version="1.0" encoding="UTF-8"?>
<!-- Generated by org.testng.reporters.JUnitXMLReporter -->
<testsuite ignored="0" hostname="LAPTOP-BJUBRTM4" failures="0" tests="10" name="Test" time="65.431" errors="0" timestamp="2025-02-12T10:07:31 EST">
  <testcase classname="testCases.TC04_AddtoWishlist" name="testWishlist" time="1.363"/>
  <testcase classname="testCases.TC01_LaunchApplication" name="testLaunchApplication" time="0.07"/>
  <testcase classname="testCases.TC06_GiftCertificate" name="testGiftCertificate" time="2.391"/>
  <testcase classname="testCases.TC03_AddtoCart" name="testAddCart" time="2.89"/>
  <testcase classname="testCases.TC05_CompletePurchase" name="testCompletePurchase" time="10.754"/>
  <testcase classname="testCases.TC02_Login" name="testLogin" time="3.726"/>
  <testcase classname="testCases.TC02_Login" name="testLogin" time="4.398"/>
  <testcase classname="testCases.TC02_Login" name="testLogin" time="3.248"/>
  <testcase classname="testCases.TC02_Login" name="testLogin" time="3.471"/>
  <testcase classname="testCases.TC02_Login" name="testLogin" time="3.492"/>
</testsuite> <!-- Test -->
