<?xml version="1.0" encoding="UTF-8"?>
<!-- Generated by org.testng.reporters.JUnitXMLReporter -->
<testsuite ignored="0" hostname="LAPTOP-BJUBRTM4" failures="0" tests="10" name="chromeTest" time="150.3" errors="0" timestamp="2025-02-18T18:40:29 EST">
  <testcase classname="testCases.TC04_AddtoWishlist" name="testWishlist" time="3.198"/>
  <testcase classname="testCases.TC01_LaunchApplication" name="testLaunchApplication" time="0.093"/>
  <testcase classname="testCases.TC06_GiftCertificate" name="testGiftCertificate" time="3.403"/>
  <testcase classname="testCases.TC03_AddtoCart" name="testAddCart" time="3.687"/>
  <testcase classname="testCases.TC05_CompletePurchase" name="testCompletePurchase" time="74.492"/>
  <testcase classname="testCases.TC02_Login" name="testLogin" time="4.986"/>
  <testcase classname="testCases.TC02_Login" name="testLogin" time="3.828"/>
  <testcase classname="testCases.TC02_Login" name="testLogin" time="5.018"/>
  <testcase classname="testCases.TC02_Login" name="testLogin" time="4.022"/>
  <testcase classname="testCases.TC02_Login" name="testLogin" time="4.094"/>
</testsuite> <!-- chromeTest -->
