<?xml version="1.0" encoding="UTF-8"?>
<!-- Generated by org.testng.reporters.JUnitXMLReporter -->
<testsuite ignored="0" hostname="LAPTOP-BJUBRTM4" failures="0" tests="10" name="edgeTest" time="155.389" errors="0" timestamp="2025-02-18T18:40:33 EST">
  <testcase classname="testCases.TC04_AddtoWishlist" name="testWishlist" time="3.253"/>
  <testcase classname="testCases.TC01_LaunchApplication" name="testLaunchApplication" time="0.084"/>
  <testcase classname="testCases.TC06_GiftCertificate" name="testGiftCertificate" time="3.357"/>
  <testcase classname="testCases.TC03_AddtoCart" name="testAddCart" time="4.073"/>
  <testcase classname="testCases.TC05_CompletePurchase" name="testCompletePurchase" time="77.808"/>
  <testcase classname="testCases.TC02_Login" name="testLogin" time="4.1"/>
  <testcase classname="testCases.TC02_Login" name="testLogin" time="5.232"/>
  <testcase classname="testCases.TC02_Login" name="testLogin" time="4.229"/>
  <testcase classname="testCases.TC02_Login" name="testLogin" time="4.266"/>
  <testcase classname="testCases.TC02_Login" name="testLogin" time="3.883"/>
</testsuite> <!-- edgeTest -->
