<?xml version="1.0" encoding="UTF-8"?>
<!-- Generated by org.testng.reporters.JUnitXMLReporter -->
<testsuite ignored="0" hostname="LAPTOP-BJUBRTM4" failures="0" tests="10" name="firefoxTest" time="179.591" errors="0" timestamp="2025-02-18T18:40:57 EST">
  <testcase classname="testCases.TC04_AddtoWishlist" name="testWishlist" time="1.863"/>
  <testcase classname="testCases.TC01_LaunchApplication" name="testLaunchApplication" time="0.09"/>
  <testcase classname="testCases.TC06_GiftCertificate" name="testGiftCertificate" time="2.916"/>
  <testcase classname="testCases.TC03_AddtoCart" name="testAddCart" time="3.193"/>
  <testcase classname="testCases.TC05_CompletePurchase" name="testCompletePurchase" time="73.117"/>
  <testcase classname="testCases.TC02_Login" name="testLogin" time="3.291"/>
  <testcase classname="testCases.TC02_Login" name="testLogin" time="3.555"/>
  <testcase classname="testCases.TC02_Login" name="testLogin" time="4.598"/>
  <testcase classname="testCases.TC02_Login" name="testLogin" time="3.44"/>
  <testcase classname="testCases.TC02_Login" name="testLogin" time="3.034"/>
</testsuite> <!-- firefoxTest -->
