<?xml version="1.0" encoding="UTF-8"?>
<testsuite xmlns:xsi="http://www.w3.org/2001/XMLSchema-instance" xsi:noNamespaceSchemaLocation="https://maven.apache.org/surefire/maven-surefire-plugin/xsd/surefire-test-report.xsd" version="3.0.2" name="TestSuite" time="183.02" tests="30" errors="0" skipped="0" failures="0">
  <properties>
[...]
</properties>
  <testcase name="testWishlist" classname="testCases.TC04_AddtoWishlist" time="2.822">
    <system-out><![CDATA[2025-02-18T23:37:56.020251500Z main INFO Starting configuration XmlConfiguration[location=C:\Users\raghu\eclipse-workspace\NinjaV6\target\test-classes\log4j2.xml, lastModified=2025-02-14T07:44:44.247Z]...
2025-02-18T23:37:56.024770200Z main INFO Start watching for changes to C:\Users\raghu\eclipse-workspace\NinjaV6\target\test-classes\log4j2.xml every 0 seconds
2025-02-18T23:37:56.025122200Z main INFO Configuration XmlConfiguration[location=C:\Users\raghu\eclipse-workspace\NinjaV6\target\test-classes\log4j2.xml, lastModified=2025-02-14T07:44:44.247Z] started.
2025-02-18T23:37:56.030143Z main INFO Stopping configuration org.apache.logging.log4j.core.config.DefaultConfiguration@4c9f8c13...
2025-02-18T23:37:56.030143Z main INFO Configuration org.apache.logging.log4j.core.config.DefaultConfiguration@4c9f8c13 stopped.
]]></system-out>
    <system-err><![CDATA[Feb 18, 2025 6:37:56 PM org.openqa.selenium.remote.tracing.opentelemetry.OpenTelemetryTracer createTracer
INFO: Using OpenTelemetry for tracing
]]></system-err>
  </testcase>
  <testcase name="testWishlist" classname="testCases.TC04_AddtoWishlist" time="3.198"/>
  <testcase name="testWishlist" classname="testCases.TC04_AddtoWishlist" time="0.023"/>
  <testcase name="testLaunchApplication" classname="testCases.TC01_LaunchApplication" time="0.094"/>
  <testcase name="testLaunchApplication" classname="testCases.TC01_LaunchApplication" time="0.08"/>
  <testcase name="testLaunchApplication" classname="testCases.TC01_LaunchApplication" time="0.1"/>
  <testcase name="testGiftCertificate" classname="testCases.TC06_GiftCertificate" time="0.994"/>
  <testcase name="testGiftCertificate" classname="testCases.TC06_GiftCertificate" time="3.36"/>
  <testcase name="testGiftCertificate" classname="testCases.TC06_GiftCertificate" time="2.499"/>
  <testcase name="testAddCart" classname="testCases.TC03_AddtoCart" time="3.524"/>
  <testcase name="testAddCart" classname="testCases.TC03_AddtoCart" time="4.077"/>
  <testcase name="testAddCart" classname="testCases.TC03_AddtoCart" time="3.193"/>
  <testcase name="testCompletePurchase" classname="testCases.TC05_CompletePurchase" time="41.908"/>
  <testcase name="testCompletePurchase" classname="testCases.TC05_CompletePurchase" time="49.949"/>
  <testcase name="testCompletePurchase" classname="testCases.TC05_CompletePurchase" time="1.131"/>
  <testcase name="testLogin[goodmorning@gmail.com, test@1234](1)" classname="testCases.TC02_Login" time="0.814"/>
  <testcase name="testLogin[goodmorning@gmail.com, test@1234](1)" classname="testCases.TC02_Login" time="3.291"/>
  <testcase name="testLogin[goodmorning@gmail.com, test@1234](1)" classname="testCases.TC02_Login" time="3.297"/>
  <testcase name="testLogin[test121@test.com, test123](2)" classname="testCases.TC02_Login" time="0.545"/>
  <testcase name="testLogin[test121@test.com, test123](2)" classname="testCases.TC02_Login" time="4.686"/>
  <testcase name="testLogin[test121@test.com, test123](2)" classname="testCases.TC02_Login" time="3.555"/>
  <testcase name="testLogin[sid@cloudberry.services, Test123](3)" classname="testCases.TC02_Login" time="0.332"/>
  <testcase name="testLogin[sid@cloudberry.services, Test123](3)" classname="testCases.TC02_Login" time="3.906"/>
  <testcase name="testLogin[sid@cloudberry.services, Test123](3)" classname="testCases.TC02_Login" time="4.6"/>
  <testcase name="testLogin[otisdog22@yahoo.com, 1234QWERT](4)" classname="testCases.TC02_Login" time="0.116"/>
  <testcase name="testLogin[otisdog22@yahoo.com, 1234QWERT](4)" classname="testCases.TC02_Login" time="4.127"/>
  <testcase name="testLogin[otisdog22@yahoo.com, 1234QWERT](4)" classname="testCases.TC02_Login" time="3.432"/>
  <testcase name="testLogin[shalaka.dongre@gmail.com, Test123!](5)" classname="testCases.TC02_Login" time="4.077"/>
  <testcase name="testLogin[shalaka.dongre@gmail.com, Test123!](5)" classname="testCases.TC02_Login" time="3.883"/>
  <testcase name="testLogin[shalaka.dongre@gmail.com, Test123!](5)" classname="testCases.TC02_Login" time="3.037"/>
</testsuite>