<?xml version="1.0" encoding="UTF-8"?>
<testng-results ignored="0" total="30" passed="30" failed="0" skipped="0">
  <reporter-output>
  </reporter-output>
  <suite started-at="2025-02-14T15:05:07 EST" name="Suite" finished-at="2025-02-14T15:08:03 EST" duration-ms="175750">
    <groups>
      <group name="datadriven">
        <method signature="TC02_Login.testLogin(java.lang.String,java.lang.String)[pri:0, instance:testCases.TC02_Login@687ef2e0]" name="testLogin" class="testCases.TC02_Login"/>
        <method signature="TC02_Login.testLogin(java.lang.String,java.lang.String)[pri:0, instance:testCases.TC02_Login@584f54e6]" name="testLogin" class="testCases.TC02_Login"/>
        <method signature="TC02_Login.testLogin(java.lang.String,java.lang.String)[pri:0, instance:testCases.TC02_Login@5ef6ae06]" name="testLogin" class="testCases.TC02_Login"/>
      </group> <!-- datadriven -->
      <group name="regression">
        <method signature="TC01_LaunchApplication.testLaunchApplication()[pri:0, instance:testCases.TC01_LaunchApplication@4d9ac0b4]" name="testLaunchApplication" class="testCases.TC01_LaunchApplication"/>
        <method signature="TC02_Login.testLogin(java.lang.String,java.lang.String)[pri:0, instance:testCases.TC02_Login@687ef2e0]" name="testLogin" class="testCases.TC02_Login"/>
        <method signature="TC03_AddtoCart.testAddCart()[pri:0, instance:testCases.TC03_AddtoCart@2654635]" name="testAddCart" class="testCases.TC03_AddtoCart"/>
        <method signature="TC04_AddtoWishlist.testWishlist()[pri:0, instance:testCases.TC04_AddtoWishlist@5629510]" name="testWishlist" class="testCases.TC04_AddtoWishlist"/>
        <method signature="TC05_CompletePurchase.testCompletePurchase()[pri:0, instance:testCases.TC05_CompletePurchase@737a135b]" name="testCompletePurchase" class="testCases.TC05_CompletePurchase"/>
        <method signature="TC06_GiftCertificate.testGiftCertificate()[pri:0, instance:testCases.TC06_GiftCertificate@130dca52]" name="testGiftCertificate" class="testCases.TC06_GiftCertificate"/>
        <method signature="TC01_LaunchApplication.testLaunchApplication()[pri:0, instance:testCases.TC01_LaunchApplication@57abad67]" name="testLaunchApplication" class="testCases.TC01_LaunchApplication"/>
        <method signature="TC02_Login.testLogin(java.lang.String,java.lang.String)[pri:0, instance:testCases.TC02_Login@584f54e6]" name="testLogin" class="testCases.TC02_Login"/>
        <method signature="TC03_AddtoCart.testAddCart()[pri:0, instance:testCases.TC03_AddtoCart@2a640157]" name="testAddCart" class="testCases.TC03_AddtoCart"/>
        <method signature="TC04_AddtoWishlist.testWishlist()[pri:0, instance:testCases.TC04_AddtoWishlist@66fdec9]" name="testWishlist" class="testCases.TC04_AddtoWishlist"/>
        <method signature="TC05_CompletePurchase.testCompletePurchase()[pri:0, instance:testCases.TC05_CompletePurchase@52851b44]" name="testCompletePurchase" class="testCases.TC05_CompletePurchase"/>
        <method signature="TC06_GiftCertificate.testGiftCertificate()[pri:0, instance:testCases.TC06_GiftCertificate@550a1967]" name="testGiftCertificate" class="testCases.TC06_GiftCertificate"/>
        <method signature="TC01_LaunchApplication.testLaunchApplication()[pri:0, instance:testCases.TC01_LaunchApplication@2dca0d64]" name="testLaunchApplication" class="testCases.TC01_LaunchApplication"/>
        <method signature="TC02_Login.testLogin(java.lang.String,java.lang.String)[pri:0, instance:testCases.TC02_Login@5ef6ae06]" name="testLogin" class="testCases.TC02_Login"/>
        <method signature="TC03_AddtoCart.testAddCart()[pri:0, instance:testCases.TC03_AddtoCart@ff684e1]" name="testAddCart" class="testCases.TC03_AddtoCart"/>
        <method signature="TC04_AddtoWishlist.testWishlist()[pri:0, instance:testCases.TC04_AddtoWishlist@576f63f6]" name="testWishlist" class="testCases.TC04_AddtoWishlist"/>
        <method signature="TC05_CompletePurchase.testCompletePurchase()[pri:0, instance:testCases.TC05_CompletePurchase@23aa363a]" name="testCompletePurchase" class="testCases.TC05_CompletePurchase"/>
        <method signature="TC06_GiftCertificate.testGiftCertificate()[pri:0, instance:testCases.TC06_GiftCertificate@f80945f]" name="testGiftCertificate" class="testCases.TC06_GiftCertificate"/>
      </group> <!-- regression -->
      <group name="smoke">
        <method signature="TC01_LaunchApplication.testLaunchApplication()[pri:0, instance:testCases.TC01_LaunchApplication@4d9ac0b4]" name="testLaunchApplication" class="testCases.TC01_LaunchApplication"/>
        <method signature="TC02_Login.testLogin(java.lang.String,java.lang.String)[pri:0, instance:testCases.TC02_Login@687ef2e0]" name="testLogin" class="testCases.TC02_Login"/>
        <method signature="TC03_AddtoCart.testAddCart()[pri:0, instance:testCases.TC03_AddtoCart@2654635]" name="testAddCart" class="testCases.TC03_AddtoCart"/>
        <method signature="TC05_CompletePurchase.testCompletePurchase()[pri:0, instance:testCases.TC05_CompletePurchase@737a135b]" name="testCompletePurchase" class="testCases.TC05_CompletePurchase"/>
        <method signature="TC01_LaunchApplication.testLaunchApplication()[pri:0, instance:testCases.TC01_LaunchApplication@57abad67]" name="testLaunchApplication" class="testCases.TC01_LaunchApplication"/>
        <method signature="TC02_Login.testLogin(java.lang.String,java.lang.String)[pri:0, instance:testCases.TC02_Login@584f54e6]" name="testLogin" class="testCases.TC02_Login"/>
        <method signature="TC03_AddtoCart.testAddCart()[pri:0, instance:testCases.TC03_AddtoCart@2a640157]" name="testAddCart" class="testCases.TC03_AddtoCart"/>
        <method signature="TC05_CompletePurchase.testCompletePurchase()[pri:0, instance:testCases.TC05_CompletePurchase@52851b44]" name="testCompletePurchase" class="testCases.TC05_CompletePurchase"/>
        <method signature="TC01_LaunchApplication.testLaunchApplication()[pri:0, instance:testCases.TC01_LaunchApplication@2dca0d64]" name="testLaunchApplication" class="testCases.TC01_LaunchApplication"/>
        <method signature="TC02_Login.testLogin(java.lang.String,java.lang.String)[pri:0, instance:testCases.TC02_Login@5ef6ae06]" name="testLogin" class="testCases.TC02_Login"/>
        <method signature="TC03_AddtoCart.testAddCart()[pri:0, instance:testCases.TC03_AddtoCart@ff684e1]" name="testAddCart" class="testCases.TC03_AddtoCart"/>
        <method signature="TC05_CompletePurchase.testCompletePurchase()[pri:0, instance:testCases.TC05_CompletePurchase@23aa363a]" name="testCompletePurchase" class="testCases.TC05_CompletePurchase"/>
      </group> <!-- smoke -->
    </groups>
    <test started-at="2025-02-14T15:05:07 EST" name="chromeTest" finished-at="2025-02-14T15:07:38 EST" duration-ms="150930">
      <class name="testCases.TC05_CompletePurchase">
        <test-method is-config="true" signature="openApp(java.lang.String,java.lang.String)[pri:0, instance:testCases.TC05_CompletePurchase@737a135b]" started-at="2025-02-14T15:05:45 EST" name="openApp" finished-at="2025-02-14T15:05:51 EST" duration-ms="6473" status="PASS">
          <params>
            <param index="0">
              <value>
                <![CDATA[windows]]>
              </value>
            </param>
            <param index="1">
              <value>
                <![CDATA[chrome]]>
              </value>
            </param>
          </params>
          <reporter-output>
          </reporter-output>
        </test-method> <!-- openApp -->
        <test-method signature="testCompletePurchase()[pri:0, instance:testCases.TC05_CompletePurchase@737a135b]" started-at="2025-02-14T15:05:51 EST" name="testCompletePurchase" finished-at="2025-02-14T15:07:07 EST" duration-ms="76262" status="PASS">
          <reporter-output>
          </reporter-output>
        </test-method> <!-- testCompletePurchase -->
        <test-method is-config="true" signature="closeApp()[pri:0, instance:testCases.TC05_CompletePurchase@737a135b]" started-at="2025-02-14T15:07:07 EST" name="closeApp" finished-at="2025-02-14T15:07:08 EST" duration-ms="452" status="PASS">
          <reporter-output>
          </reporter-output>
        </test-method> <!-- closeApp -->
      </class> <!-- testCases.TC05_CompletePurchase -->
      <class name="testCases.TC02_Login">
        <test-method is-config="true" signature="openApp(java.lang.String,java.lang.String)[pri:0, instance:testCases.TC02_Login@687ef2e0]" started-at="2025-02-14T15:07:08 EST" name="openApp" finished-at="2025-02-14T15:07:13 EST" duration-ms="5091" status="PASS">
          <params>
            <param index="0">
              <value>
                <![CDATA[windows]]>
              </value>
            </param>
            <param index="1">
              <value>
                <![CDATA[chrome]]>
              </value>
            </param>
          </params>
          <reporter-output>
          </reporter-output>
        </test-method> <!-- openApp -->
        <test-method signature="testLogin(java.lang.String,java.lang.String)[pri:0, instance:testCases.TC02_Login@687ef2e0]" started-at="2025-02-14T15:07:17 EST" name="testLogin" data-provider="LoginData" finished-at="2025-02-14T15:07:21 EST" duration-ms="4096" status="PASS">
          <params>
            <param index="0">
              <value>
                <![CDATA[goodmorning@gmail.com]]>
              </value>
            </param>
            <param index="1">
              <value>
                <![CDATA[test@1234]]>
              </value>
            </param>
          </params>
          <reporter-output>
          </reporter-output>
        </test-method> <!-- testLogin -->
        <test-method signature="testLogin(java.lang.String,java.lang.String)[pri:0, instance:testCases.TC02_Login@687ef2e0]" started-at="2025-02-14T15:07:21 EST" name="testLogin" data-provider="LoginData" finished-at="2025-02-14T15:07:25 EST" duration-ms="4268" status="PASS">
          <params>
            <param index="0">
              <value>
                <![CDATA[test121@test.com]]>
              </value>
            </param>
            <param index="1">
              <value>
                <![CDATA[test123]]>
              </value>
            </param>
          </params>
          <reporter-output>
          </reporter-output>
        </test-method> <!-- testLogin -->
        <test-method signature="testLogin(java.lang.String,java.lang.String)[pri:0, instance:testCases.TC02_Login@687ef2e0]" started-at="2025-02-14T15:07:25 EST" name="testLogin" data-provider="LoginData" finished-at="2025-02-14T15:07:29 EST" duration-ms="3753" status="PASS">
          <params>
            <param index="0">
              <value>
                <![CDATA[sid@cloudberry.services]]>
              </value>
            </param>
            <param index="1">
              <value>
                <![CDATA[Test123]]>
              </value>
            </param>
          </params>
          <reporter-output>
          </reporter-output>
        </test-method> <!-- testLogin -->
        <test-method signature="testLogin(java.lang.String,java.lang.String)[pri:0, instance:testCases.TC02_Login@687ef2e0]" started-at="2025-02-14T15:07:29 EST" name="testLogin" data-provider="LoginData" finished-at="2025-02-14T15:07:33 EST" duration-ms="3951" status="PASS">
          <params>
            <param index="0">
              <value>
                <![CDATA[otisdog22@yahoo.com]]>
              </value>
            </param>
            <param index="1">
              <value>
                <![CDATA[1234QWERT]]>
              </value>
            </param>
          </params>
          <reporter-output>
          </reporter-output>
        </test-method> <!-- testLogin -->
        <test-method signature="testLogin(java.lang.String,java.lang.String)[pri:0, instance:testCases.TC02_Login@687ef2e0]" started-at="2025-02-14T15:07:33 EST" name="testLogin" data-provider="LoginData" finished-at="2025-02-14T15:07:37 EST" duration-ms="4673" status="PASS">
          <params>
            <param index="0">
              <value>
                <![CDATA[shalaka.dongre@gmail.com]]>
              </value>
            </param>
            <param index="1">
              <value>
                <![CDATA[Test123!]]>
              </value>
            </param>
          </params>
          <reporter-output>
          </reporter-output>
        </test-method> <!-- testLogin -->
        <test-method is-config="true" signature="closeApp()[pri:0, instance:testCases.TC02_Login@687ef2e0]" started-at="2025-02-14T15:07:37 EST" name="closeApp" finished-at="2025-02-14T15:07:38 EST" duration-ms="380" status="PASS">
          <reporter-output>
          </reporter-output>
        </test-method> <!-- closeApp -->
      </class> <!-- testCases.TC02_Login -->
      <class name="testCases.TC04_AddtoWishlist">
        <test-method is-config="true" signature="openApp(java.lang.String,java.lang.String)[pri:0, instance:testCases.TC04_AddtoWishlist@5629510]" started-at="2025-02-14T15:05:07 EST" name="openApp" finished-at="2025-02-14T15:05:15 EST" duration-ms="7248" status="PASS">
          <params>
            <param index="0">
              <value>
                <![CDATA[windows]]>
              </value>
            </param>
            <param index="1">
              <value>
                <![CDATA[chrome]]>
              </value>
            </param>
          </params>
          <reporter-output>
          </reporter-output>
        </test-method> <!-- openApp -->
        <test-method signature="testWishlist()[pri:0, instance:testCases.TC04_AddtoWishlist@5629510]" started-at="2025-02-14T15:05:15 EST" name="testWishlist" finished-at="2025-02-14T15:05:17 EST" duration-ms="2695" status="PASS">
          <reporter-output>
          </reporter-output>
        </test-method> <!-- testWishlist -->
        <test-method is-config="true" signature="closeApp()[pri:0, instance:testCases.TC04_AddtoWishlist@5629510]" started-at="2025-02-14T15:05:17 EST" name="closeApp" finished-at="2025-02-14T15:05:18 EST" duration-ms="561" status="PASS">
          <reporter-output>
          </reporter-output>
        </test-method> <!-- closeApp -->
      </class> <!-- testCases.TC04_AddtoWishlist -->
      <class name="testCases.TC01_LaunchApplication">
        <test-method is-config="true" signature="openApp(java.lang.String,java.lang.String)[pri:0, instance:testCases.TC01_LaunchApplication@4d9ac0b4]" started-at="2025-02-14T15:05:18 EST" name="openApp" finished-at="2025-02-14T15:05:24 EST" duration-ms="6014" status="PASS">
          <params>
            <param index="0">
              <value>
                <![CDATA[windows]]>
              </value>
            </param>
            <param index="1">
              <value>
                <![CDATA[chrome]]>
              </value>
            </param>
          </params>
          <reporter-output>
          </reporter-output>
        </test-method> <!-- openApp -->
        <test-method signature="testLaunchApplication()[pri:0, instance:testCases.TC01_LaunchApplication@4d9ac0b4]" started-at="2025-02-14T15:05:24 EST" name="testLaunchApplication" finished-at="2025-02-14T15:05:24 EST" duration-ms="175" status="PASS">
          <reporter-output>
          </reporter-output>
        </test-method> <!-- testLaunchApplication -->
        <test-method is-config="true" signature="closeApp()[pri:0, instance:testCases.TC01_LaunchApplication@4d9ac0b4]" started-at="2025-02-14T15:05:24 EST" name="closeApp" finished-at="2025-02-14T15:05:25 EST" duration-ms="591" status="PASS">
          <reporter-output>
          </reporter-output>
        </test-method> <!-- closeApp -->
      </class> <!-- testCases.TC01_LaunchApplication -->
      <class name="testCases.TC03_AddtoCart">
        <test-method is-config="true" signature="openApp(java.lang.String,java.lang.String)[pri:0, instance:testCases.TC03_AddtoCart@2654635]" started-at="2025-02-14T15:05:35 EST" name="openApp" finished-at="2025-02-14T15:05:40 EST" duration-ms="4889" status="PASS">
          <params>
            <param index="0">
              <value>
                <![CDATA[windows]]>
              </value>
            </param>
            <param index="1">
              <value>
                <![CDATA[chrome]]>
              </value>
            </param>
          </params>
          <reporter-output>
          </reporter-output>
        </test-method> <!-- openApp -->
        <test-method signature="testAddCart()[pri:0, instance:testCases.TC03_AddtoCart@2654635]" started-at="2025-02-14T15:05:40 EST" name="testAddCart" finished-at="2025-02-14T15:05:44 EST" duration-ms="4272" status="PASS">
          <reporter-output>
          </reporter-output>
        </test-method> <!-- testAddCart -->
        <test-method is-config="true" signature="closeApp()[pri:0, instance:testCases.TC03_AddtoCart@2654635]" started-at="2025-02-14T15:05:44 EST" name="closeApp" finished-at="2025-02-14T15:05:45 EST" duration-ms="434" status="PASS">
          <reporter-output>
          </reporter-output>
        </test-method> <!-- closeApp -->
      </class> <!-- testCases.TC03_AddtoCart -->
      <class name="testCases.TC06_GiftCertificate">
        <test-method is-config="true" signature="openApp(java.lang.String,java.lang.String)[pri:0, instance:testCases.TC06_GiftCertificate@130dca52]" started-at="2025-02-14T15:05:25 EST" name="openApp" finished-at="2025-02-14T15:05:31 EST" duration-ms="6248" status="PASS">
          <params>
            <param index="0">
              <value>
                <![CDATA[windows]]>
              </value>
            </param>
            <param index="1">
              <value>
                <![CDATA[chrome]]>
              </value>
            </param>
          </params>
          <reporter-output>
          </reporter-output>
        </test-method> <!-- openApp -->
        <test-method signature="testGiftCertificate()[pri:0, instance:testCases.TC06_GiftCertificate@130dca52]" started-at="2025-02-14T15:05:31 EST" name="testGiftCertificate" finished-at="2025-02-14T15:05:35 EST" duration-ms="3614" status="PASS">
          <reporter-output>
          </reporter-output>
        </test-method> <!-- testGiftCertificate -->
        <test-method is-config="true" signature="closeApp()[pri:0, instance:testCases.TC06_GiftCertificate@130dca52]" started-at="2025-02-14T15:05:35 EST" name="closeApp" finished-at="2025-02-14T15:05:35 EST" duration-ms="401" status="PASS">
          <reporter-output>
          </reporter-output>
        </test-method> <!-- closeApp -->
      </class> <!-- testCases.TC06_GiftCertificate -->
    </test> <!-- chromeTest -->
    <test started-at="2025-02-14T15:05:07 EST" name="edgeTest" finished-at="2025-02-14T15:07:44 EST" duration-ms="156698">
      <class name="testCases.TC05_CompletePurchase">
        <test-method is-config="true" signature="openApp(java.lang.String,java.lang.String)[pri:0, instance:testCases.TC05_CompletePurchase@52851b44]" started-at="2025-02-14T15:05:51 EST" name="openApp" finished-at="2025-02-14T15:05:56 EST" duration-ms="5412" status="PASS">
          <params>
            <param index="0">
              <value>
                <![CDATA[windows]]>
              </value>
            </param>
            <param index="1">
              <value>
                <![CDATA[edge]]>
              </value>
            </param>
          </params>
          <reporter-output>
          </reporter-output>
        </test-method> <!-- openApp -->
        <test-method signature="testCompletePurchase()[pri:0, instance:testCases.TC05_CompletePurchase@52851b44]" started-at="2025-02-14T15:05:56 EST" name="testCompletePurchase" finished-at="2025-02-14T15:07:11 EST" duration-ms="74875" status="PASS">
          <reporter-output>
          </reporter-output>
        </test-method> <!-- testCompletePurchase -->
        <test-method is-config="true" signature="closeApp()[pri:0, instance:testCases.TC05_CompletePurchase@52851b44]" started-at="2025-02-14T15:07:11 EST" name="closeApp" finished-at="2025-02-14T15:07:13 EST" duration-ms="1506" status="PASS">
          <reporter-output>
          </reporter-output>
        </test-method> <!-- closeApp -->
      </class> <!-- testCases.TC05_CompletePurchase -->
      <class name="testCases.TC02_Login">
        <test-method is-config="true" signature="openApp(java.lang.String,java.lang.String)[pri:0, instance:testCases.TC02_Login@584f54e6]" started-at="2025-02-14T15:07:13 EST" name="openApp" finished-at="2025-02-14T15:07:18 EST" duration-ms="5496" status="PASS">
          <params>
            <param index="0">
              <value>
                <![CDATA[windows]]>
              </value>
            </param>
            <param index="1">
              <value>
                <![CDATA[edge]]>
              </value>
            </param>
          </params>
          <reporter-output>
          </reporter-output>
        </test-method> <!-- openApp -->
        <test-method signature="testLogin(java.lang.String,java.lang.String)[pri:0, instance:testCases.TC02_Login@584f54e6]" started-at="2025-02-14T15:07:19 EST" name="testLogin" data-provider="LoginData" finished-at="2025-02-14T15:07:24 EST" duration-ms="4743" status="PASS">
          <params>
            <param index="0">
              <value>
                <![CDATA[goodmorning@gmail.com]]>
              </value>
            </param>
            <param index="1">
              <value>
                <![CDATA[test@1234]]>
              </value>
            </param>
          </params>
          <reporter-output>
          </reporter-output>
        </test-method> <!-- testLogin -->
        <test-method signature="testLogin(java.lang.String,java.lang.String)[pri:0, instance:testCases.TC02_Login@584f54e6]" started-at="2025-02-14T15:07:24 EST" name="testLogin" data-provider="LoginData" finished-at="2025-02-14T15:07:28 EST" duration-ms="4308" status="PASS">
          <params>
            <param index="0">
              <value>
                <![CDATA[test121@test.com]]>
              </value>
            </param>
            <param index="1">
              <value>
                <![CDATA[test123]]>
              </value>
            </param>
          </params>
          <reporter-output>
          </reporter-output>
        </test-method> <!-- testLogin -->
        <test-method signature="testLogin(java.lang.String,java.lang.String)[pri:0, instance:testCases.TC02_Login@584f54e6]" started-at="2025-02-14T15:07:28 EST" name="testLogin" data-provider="LoginData" finished-at="2025-02-14T15:07:33 EST" duration-ms="4738" status="PASS">
          <params>
            <param index="0">
              <value>
                <![CDATA[sid@cloudberry.services]]>
              </value>
            </param>
            <param index="1">
              <value>
                <![CDATA[Test123]]>
              </value>
            </param>
          </params>
          <reporter-output>
          </reporter-output>
        </test-method> <!-- testLogin -->
        <test-method signature="testLogin(java.lang.String,java.lang.String)[pri:0, instance:testCases.TC02_Login@584f54e6]" started-at="2025-02-14T15:07:33 EST" name="testLogin" data-provider="LoginData" finished-at="2025-02-14T15:07:38 EST" duration-ms="5434" status="PASS">
          <params>
            <param index="0">
              <value>
                <![CDATA[otisdog22@yahoo.com]]>
              </value>
            </param>
            <param index="1">
              <value>
                <![CDATA[1234QWERT]]>
              </value>
            </param>
          </params>
          <reporter-output>
          </reporter-output>
        </test-method> <!-- testLogin -->
        <test-method signature="testLogin(java.lang.String,java.lang.String)[pri:0, instance:testCases.TC02_Login@584f54e6]" started-at="2025-02-14T15:07:38 EST" name="testLogin" data-provider="LoginData" finished-at="2025-02-14T15:07:42 EST" duration-ms="3814" status="PASS">
          <params>
            <param index="0">
              <value>
                <![CDATA[shalaka.dongre@gmail.com]]>
              </value>
            </param>
            <param index="1">
              <value>
                <![CDATA[Test123!]]>
              </value>
            </param>
          </params>
          <reporter-output>
          </reporter-output>
        </test-method> <!-- testLogin -->
        <test-method is-config="true" signature="closeApp()[pri:0, instance:testCases.TC02_Login@584f54e6]" started-at="2025-02-14T15:07:42 EST" name="closeApp" finished-at="2025-02-14T15:07:44 EST" duration-ms="1718" status="PASS">
          <reporter-output>
          </reporter-output>
        </test-method> <!-- closeApp -->
      </class> <!-- testCases.TC02_Login -->
      <class name="testCases.TC04_AddtoWishlist">
        <test-method is-config="true" signature="openApp(java.lang.String,java.lang.String)[pri:0, instance:testCases.TC04_AddtoWishlist@66fdec9]" started-at="2025-02-14T15:05:07 EST" name="openApp" finished-at="2025-02-14T15:05:15 EST" duration-ms="7283" status="PASS">
          <params>
            <param index="0">
              <value>
                <![CDATA[windows]]>
              </value>
            </param>
            <param index="1">
              <value>
                <![CDATA[edge]]>
              </value>
            </param>
          </params>
          <reporter-output>
          </reporter-output>
        </test-method> <!-- openApp -->
        <test-method signature="testWishlist()[pri:0, instance:testCases.TC04_AddtoWishlist@66fdec9]" started-at="2025-02-14T15:05:15 EST" name="testWishlist" finished-at="2025-02-14T15:05:18 EST" duration-ms="3551" status="PASS">
          <reporter-output>
          </reporter-output>
        </test-method> <!-- testWishlist -->
        <test-method is-config="true" signature="closeApp()[pri:0, instance:testCases.TC04_AddtoWishlist@66fdec9]" started-at="2025-02-14T15:05:18 EST" name="closeApp" finished-at="2025-02-14T15:05:20 EST" duration-ms="1613" status="PASS">
          <reporter-output>
          </reporter-output>
        </test-method> <!-- closeApp -->
      </class> <!-- testCases.TC04_AddtoWishlist -->
      <class name="testCases.TC01_LaunchApplication">
        <test-method is-config="true" signature="openApp(java.lang.String,java.lang.String)[pri:0, instance:testCases.TC01_LaunchApplication@57abad67]" started-at="2025-02-14T15:05:20 EST" name="openApp" finished-at="2025-02-14T15:05:26 EST" duration-ms="6304" status="PASS">
          <params>
            <param index="0">
              <value>
                <![CDATA[windows]]>
              </value>
            </param>
            <param index="1">
              <value>
                <![CDATA[edge]]>
              </value>
            </param>
          </params>
          <reporter-output>
          </reporter-output>
        </test-method> <!-- openApp -->
        <test-method signature="testLaunchApplication()[pri:0, instance:testCases.TC01_LaunchApplication@57abad67]" started-at="2025-02-14T15:05:26 EST" name="testLaunchApplication" finished-at="2025-02-14T15:05:26 EST" duration-ms="74" status="PASS">
          <reporter-output>
          </reporter-output>
        </test-method> <!-- testLaunchApplication -->
        <test-method is-config="true" signature="closeApp()[pri:0, instance:testCases.TC01_LaunchApplication@57abad67]" started-at="2025-02-14T15:05:26 EST" name="closeApp" finished-at="2025-02-14T15:05:28 EST" duration-ms="1671" status="PASS">
          <reporter-output>
          </reporter-output>
        </test-method> <!-- closeApp -->
      </class> <!-- testCases.TC01_LaunchApplication -->
      <class name="testCases.TC03_AddtoCart">
        <test-method is-config="true" signature="openApp(java.lang.String,java.lang.String)[pri:0, instance:testCases.TC03_AddtoCart@2a640157]" started-at="2025-02-14T15:05:39 EST" name="openApp" finished-at="2025-02-14T15:05:44 EST" duration-ms="5106" status="PASS">
          <params>
            <param index="0">
              <value>
                <![CDATA[windows]]>
              </value>
            </param>
            <param index="1">
              <value>
                <![CDATA[edge]]>
              </value>
            </param>
          </params>
          <reporter-output>
          </reporter-output>
        </test-method> <!-- openApp -->
        <test-method signature="testAddCart()[pri:0, instance:testCases.TC03_AddtoCart@2a640157]" started-at="2025-02-14T15:05:44 EST" name="testAddCart" finished-at="2025-02-14T15:05:49 EST" duration-ms="5304" status="PASS">
          <reporter-output>
          </reporter-output>
        </test-method> <!-- testAddCart -->
        <test-method is-config="true" signature="closeApp()[pri:0, instance:testCases.TC03_AddtoCart@2a640157]" started-at="2025-02-14T15:05:49 EST" name="closeApp" finished-at="2025-02-14T15:05:51 EST" duration-ms="1461" status="PASS">
          <reporter-output>
          </reporter-output>
        </test-method> <!-- closeApp -->
      </class> <!-- testCases.TC03_AddtoCart -->
      <class name="testCases.TC06_GiftCertificate">
        <test-method is-config="true" signature="openApp(java.lang.String,java.lang.String)[pri:0, instance:testCases.TC06_GiftCertificate@550a1967]" started-at="2025-02-14T15:05:28 EST" name="openApp" finished-at="2025-02-14T15:05:33 EST" duration-ms="5640" status="PASS">
          <params>
            <param index="0">
              <value>
                <![CDATA[windows]]>
              </value>
            </param>
            <param index="1">
              <value>
                <![CDATA[edge]]>
              </value>
            </param>
          </params>
          <reporter-output>
          </reporter-output>
        </test-method> <!-- openApp -->
        <test-method signature="testGiftCertificate()[pri:0, instance:testCases.TC06_GiftCertificate@550a1967]" started-at="2025-02-14T15:05:33 EST" name="testGiftCertificate" finished-at="2025-02-14T15:05:37 EST" duration-ms="3948" status="PASS">
          <reporter-output>
          </reporter-output>
        </test-method> <!-- testGiftCertificate -->
        <test-method is-config="true" signature="closeApp()[pri:0, instance:testCases.TC06_GiftCertificate@550a1967]" started-at="2025-02-14T15:05:37 EST" name="closeApp" finished-at="2025-02-14T15:05:39 EST" duration-ms="1501" status="PASS">
          <reporter-output>
          </reporter-output>
        </test-method> <!-- closeApp -->
      </class> <!-- testCases.TC06_GiftCertificate -->
    </test> <!-- edgeTest -->
    <test started-at="2025-02-14T15:05:07 EST" name="firefoxTest" finished-at="2025-02-14T15:08:03 EST" duration-ms="175747">
      <class name="testCases.TC05_CompletePurchase">
        <test-method is-config="true" signature="openApp(java.lang.String,java.lang.String)[pri:0, instance:testCases.TC05_CompletePurchase@23aa363a]" started-at="2025-02-14T15:06:11 EST" name="openApp" finished-at="2025-02-14T15:06:18 EST" duration-ms="7137" status="PASS">
          <params>
            <param index="0">
              <value>
                <![CDATA[windows]]>
              </value>
            </param>
            <param index="1">
              <value>
                <![CDATA[firefox]]>
              </value>
            </param>
          </params>
          <reporter-output>
          </reporter-output>
        </test-method> <!-- openApp -->
        <test-method signature="testCompletePurchase()[pri:0, instance:testCases.TC05_CompletePurchase@23aa363a]" started-at="2025-02-14T15:06:18 EST" name="testCompletePurchase" finished-at="2025-02-14T15:07:32 EST" duration-ms="73499" status="PASS">
          <reporter-output>
          </reporter-output>
        </test-method> <!-- testCompletePurchase -->
        <test-method is-config="true" signature="closeApp()[pri:0, instance:testCases.TC05_CompletePurchase@23aa363a]" started-at="2025-02-14T15:07:32 EST" name="closeApp" finished-at="2025-02-14T15:07:34 EST" duration-ms="2291" status="PASS">
          <reporter-output>
          </reporter-output>
        </test-method> <!-- closeApp -->
      </class> <!-- testCases.TC05_CompletePurchase -->
      <class name="testCases.TC02_Login">
        <test-method is-config="true" signature="openApp(java.lang.String,java.lang.String)[pri:0, instance:testCases.TC02_Login@5ef6ae06]" started-at="2025-02-14T15:07:34 EST" name="openApp" finished-at="2025-02-14T15:07:43 EST" duration-ms="8973" status="PASS">
          <params>
            <param index="0">
              <value>
                <![CDATA[windows]]>
              </value>
            </param>
            <param index="1">
              <value>
                <![CDATA[firefox]]>
              </value>
            </param>
          </params>
          <reporter-output>
          </reporter-output>
        </test-method> <!-- openApp -->
        <test-method signature="testLogin(java.lang.String,java.lang.String)[pri:0, instance:testCases.TC02_Login@5ef6ae06]" started-at="2025-02-14T15:07:45 EST" name="testLogin" data-provider="LoginData" finished-at="2025-02-14T15:07:48 EST" duration-ms="3249" status="PASS">
          <params>
            <param index="0">
              <value>
                <![CDATA[goodmorning@gmail.com]]>
              </value>
            </param>
            <param index="1">
              <value>
                <![CDATA[test@1234]]>
              </value>
            </param>
          </params>
          <reporter-output>
          </reporter-output>
        </test-method> <!-- testLogin -->
        <test-method signature="testLogin(java.lang.String,java.lang.String)[pri:0, instance:testCases.TC02_Login@5ef6ae06]" started-at="2025-02-14T15:07:48 EST" name="testLogin" data-provider="LoginData" finished-at="2025-02-14T15:07:52 EST" duration-ms="3692" status="PASS">
          <params>
            <param index="0">
              <value>
                <![CDATA[test121@test.com]]>
              </value>
            </param>
            <param index="1">
              <value>
                <![CDATA[test123]]>
              </value>
            </param>
          </params>
          <reporter-output>
          </reporter-output>
        </test-method> <!-- testLogin -->
        <test-method signature="testLogin(java.lang.String,java.lang.String)[pri:0, instance:testCases.TC02_Login@5ef6ae06]" started-at="2025-02-14T15:07:52 EST" name="testLogin" data-provider="LoginData" finished-at="2025-02-14T15:07:55 EST" duration-ms="3244" status="PASS">
          <params>
            <param index="0">
              <value>
                <![CDATA[sid@cloudberry.services]]>
              </value>
            </param>
            <param index="1">
              <value>
                <![CDATA[Test123]]>
              </value>
            </param>
          </params>
          <reporter-output>
          </reporter-output>
        </test-method> <!-- testLogin -->
        <test-method signature="testLogin(java.lang.String,java.lang.String)[pri:0, instance:testCases.TC02_Login@5ef6ae06]" started-at="2025-02-14T15:07:55 EST" name="testLogin" data-provider="LoginData" finished-at="2025-02-14T15:07:58 EST" duration-ms="2859" status="PASS">
          <params>
            <param index="0">
              <value>
                <![CDATA[otisdog22@yahoo.com]]>
              </value>
            </param>
            <param index="1">
              <value>
                <![CDATA[1234QWERT]]>
              </value>
            </param>
          </params>
          <reporter-output>
          </reporter-output>
        </test-method> <!-- testLogin -->
        <test-method signature="testLogin(java.lang.String,java.lang.String)[pri:0, instance:testCases.TC02_Login@5ef6ae06]" started-at="2025-02-14T15:07:58 EST" name="testLogin" data-provider="LoginData" finished-at="2025-02-14T15:08:01 EST" duration-ms="2872" status="PASS">
          <params>
            <param index="0">
              <value>
                <![CDATA[shalaka.dongre@gmail.com]]>
              </value>
            </param>
            <param index="1">
              <value>
                <![CDATA[Test123!]]>
              </value>
            </param>
          </params>
          <reporter-output>
          </reporter-output>
        </test-method> <!-- testLogin -->
        <test-method is-config="true" signature="closeApp()[pri:0, instance:testCases.TC02_Login@5ef6ae06]" started-at="2025-02-14T15:08:01 EST" name="closeApp" finished-at="2025-02-14T15:08:03 EST" duration-ms="1800" status="PASS">
          <reporter-output>
          </reporter-output>
        </test-method> <!-- closeApp -->
      </class> <!-- testCases.TC02_Login -->
      <class name="testCases.TC04_AddtoWishlist">
        <test-method is-config="true" signature="openApp(java.lang.String,java.lang.String)[pri:0, instance:testCases.TC04_AddtoWishlist@576f63f6]" started-at="2025-02-14T15:05:07 EST" name="openApp" finished-at="2025-02-14T15:05:23 EST" duration-ms="15426" status="PASS">
          <params>
            <param index="0">
              <value>
                <![CDATA[windows]]>
              </value>
            </param>
            <param index="1">
              <value>
                <![CDATA[firefox]]>
              </value>
            </param>
          </params>
          <reporter-output>
          </reporter-output>
        </test-method> <!-- openApp -->
        <test-method signature="testWishlist()[pri:0, instance:testCases.TC04_AddtoWishlist@576f63f6]" started-at="2025-02-14T15:05:23 EST" name="testWishlist" finished-at="2025-02-14T15:05:25 EST" duration-ms="2642" status="PASS">
          <reporter-output>
          </reporter-output>
        </test-method> <!-- testWishlist -->
        <test-method is-config="true" signature="closeApp()[pri:0, instance:testCases.TC04_AddtoWishlist@576f63f6]" started-at="2025-02-14T15:05:25 EST" name="closeApp" finished-at="2025-02-14T15:05:28 EST" duration-ms="2981" status="PASS">
          <reporter-output>
          </reporter-output>
        </test-method> <!-- closeApp -->
      </class> <!-- testCases.TC04_AddtoWishlist -->
      <class name="testCases.TC01_LaunchApplication">
        <test-method is-config="true" signature="openApp(java.lang.String,java.lang.String)[pri:0, instance:testCases.TC01_LaunchApplication@2dca0d64]" started-at="2025-02-14T15:05:28 EST" name="openApp" finished-at="2025-02-14T15:05:39 EST" duration-ms="10848" status="PASS">
          <params>
            <param index="0">
              <value>
                <![CDATA[windows]]>
              </value>
            </param>
            <param index="1">
              <value>
                <![CDATA[firefox]]>
              </value>
            </param>
          </params>
          <reporter-output>
          </reporter-output>
        </test-method> <!-- openApp -->
        <test-method signature="testLaunchApplication()[pri:0, instance:testCases.TC01_LaunchApplication@2dca0d64]" started-at="2025-02-14T15:05:39 EST" name="testLaunchApplication" finished-at="2025-02-14T15:05:39 EST" duration-ms="84" status="PASS">
          <reporter-output>
          </reporter-output>
        </test-method> <!-- testLaunchApplication -->
        <test-method is-config="true" signature="closeApp()[pri:0, instance:testCases.TC01_LaunchApplication@2dca0d64]" started-at="2025-02-14T15:05:39 EST" name="closeApp" finished-at="2025-02-14T15:05:41 EST" duration-ms="1856" status="PASS">
          <reporter-output>
          </reporter-output>
        </test-method> <!-- closeApp -->
      </class> <!-- testCases.TC01_LaunchApplication -->
      <class name="testCases.TC03_AddtoCart">
        <test-method is-config="true" signature="openApp(java.lang.String,java.lang.String)[pri:0, instance:testCases.TC03_AddtoCart@ff684e1]" started-at="2025-02-14T15:05:58 EST" name="openApp" finished-at="2025-02-14T15:06:07 EST" duration-ms="8937" status="PASS">
          <params>
            <param index="0">
              <value>
                <![CDATA[windows]]>
              </value>
            </param>
            <param index="1">
              <value>
                <![CDATA[firefox]]>
              </value>
            </param>
          </params>
          <reporter-output>
          </reporter-output>
        </test-method> <!-- openApp -->
        <test-method signature="testAddCart()[pri:0, instance:testCases.TC03_AddtoCart@ff684e1]" started-at="2025-02-14T15:06:07 EST" name="testAddCart" finished-at="2025-02-14T15:06:10 EST" duration-ms="2912" status="PASS">
          <reporter-output>
          </reporter-output>
        </test-method> <!-- testAddCart -->
        <test-method is-config="true" signature="closeApp()[pri:0, instance:testCases.TC03_AddtoCart@ff684e1]" started-at="2025-02-14T15:06:10 EST" name="closeApp" finished-at="2025-02-14T15:06:11 EST" duration-ms="1625" status="PASS">
          <reporter-output>
          </reporter-output>
        </test-method> <!-- closeApp -->
      </class> <!-- testCases.TC03_AddtoCart -->
      <class name="testCases.TC06_GiftCertificate">
        <test-method is-config="true" signature="openApp(java.lang.String,java.lang.String)[pri:0, instance:testCases.TC06_GiftCertificate@f80945f]" started-at="2025-02-14T15:05:41 EST" name="openApp" finished-at="2025-02-14T15:05:52 EST" duration-ms="11099" status="PASS">
          <params>
            <param index="0">
              <value>
                <![CDATA[windows]]>
              </value>
            </param>
            <param index="1">
              <value>
                <![CDATA[firefox]]>
              </value>
            </param>
          </params>
          <reporter-output>
          </reporter-output>
        </test-method> <!-- openApp -->
        <test-method signature="testGiftCertificate()[pri:0, instance:testCases.TC06_GiftCertificate@f80945f]" started-at="2025-02-14T15:05:52 EST" name="testGiftCertificate" finished-at="2025-02-14T15:05:55 EST" duration-ms="3280" status="PASS">
          <reporter-output>
          </reporter-output>
        </test-method> <!-- testGiftCertificate -->
        <test-method is-config="true" signature="closeApp()[pri:0, instance:testCases.TC06_GiftCertificate@f80945f]" started-at="2025-02-14T15:05:55 EST" name="closeApp" finished-at="2025-02-14T15:05:58 EST" duration-ms="2298" status="PASS">
          <reporter-output>
          </reporter-output>
        </test-method> <!-- closeApp -->
      </class> <!-- testCases.TC06_GiftCertificate -->
    </test> <!-- firefoxTest -->
  </suite> <!-- Suite -->
</testng-results>
